<?xml version="1.0" encoding="UTF-8"?>
<!-- Generated by org.testng.reporters.JUnitReportReporter -->
<testsuite hostname="DESKTOP-CRE3CMG" failures="0" tests="1" name="com.tcw.testcases.TimesheetTest" time="63.501" errors="0" timestamp="2022-08-18T17:56:03 IST" skipped="0">
  <testcase classname="com.tcw.testcases.TimesheetTest" name="addTimeSheetTest" time="63.501"/>
  <system-out/>
</testsuite> <!-- com.tcw.testcases.TimesheetTest -->
