<?xml version="1.0" encoding="UTF-8"?>
<!-- Generated by org.testng.reporters.JUnitReportReporter -->
<testsuite hostname="DESKTOP-CRE3CMG" failures="0" tests="2" name="com.tcw.testcases.DashboardTest" time="44.685" errors="0" timestamp="2022-07-01T18:37:05 IST" skipped="0">
  <testcase classname="com.tcw.testcases.DashboardTest" name="addTaskTest" time="22.963"/>
  <system-out/>
  <testcase classname="com.tcw.testcases.DashboardTest" name="goToPendingTimesheetReqTest" time="21.722"/>
  <system-out/>
</testsuite> <!-- com.tcw.testcases.DashboardTest -->
