<?xml version="1.0" encoding="UTF-8"?>
<!-- Generated by org.testng.reporters.JUnitReportReporter -->
<testsuite hostname="DESKTOP-CRE3CMG" failures="0" tests="1" name="com.tcw.testcases.ScheduleTest" time="37.885" errors="0" timestamp="2022-09-14T19:03:45 IST" skipped="0">
  <testcase classname="com.tcw.testcases.ScheduleTest" name="deleteScheduleForEmpTest" time="37.885"/>
  <system-out/>
</testsuite> <!-- com.tcw.testcases.ScheduleTest -->
