<?xml version="1.0" encoding="UTF-8"?>
<!-- Generated by org.testng.reporters.JUnitReportReporter -->
<testsuite hostname="DESKTOP-CRE3CMG" failures="0" tests="1" name="com.tcw.testcases.LiveStreamTest" time="29.550" errors="0" timestamp="2022-09-29T18:21:45 IST" skipped="0">
  <testcase classname="com.tcw.testcases.LiveStreamTest" name="liveStreamTest" time="29.550"/>
  <system-out/>
</testsuite> <!-- com.tcw.testcases.LiveStreamTest -->
