<?xml version="1.0" encoding="UTF-8"?>
<!-- Generated by org.testng.reporters.JUnitReportReporter -->
<testsuite hostname="DESKTOP-CRE3CMG" failures="0" tests="1" name="com.tcw.testcases.TaskTest" time="42.937" errors="0" timestamp="2022-08-02T15:26:37 IST" skipped="0">
  <testcase classname="com.tcw.testcases.TaskTest" name="addTaskTest" time="42.937"/>
  <system-out/>
</testsuite> <!-- com.tcw.testcases.TaskTest -->
