<?xml version="1.0" encoding="UTF-8"?>
<!-- Generated by org.testng.reporters.JUnitReportReporter -->
<testsuite hostname="DESKTOP-CRE3CMG" failures="0" tests="3" name="com.tcw.testcases.EmployeeTest" time="112.448" errors="0" timestamp="2022-09-29T13:23:29 IST" skipped="0">
  <testcase classname="com.tcw.testcases.EmployeeTest" name="landingOnEmployeePage" time="32.835"/>
  <system-out/>
  <testcase classname="com.tcw.testcases.EmployeeTest" name="globalSettingTest" time="41.982"/>
  <system-out/>
  <testcase classname="com.tcw.testcases.EmployeeTest" name="reimbursementTest" time="37.631"/>
  <system-out/>
</testsuite> <!-- com.tcw.testcases.EmployeeTest -->
