<?xml version="1.0" encoding="UTF-8"?>
<!-- Generated by org.testng.reporters.JUnitReportReporter -->
<testsuite hostname="DESKTOP-CRE3CMG" failures="0" tests="2" name="com.tcw.testcases.TaskTest" time="84.730" errors="0" timestamp="2022-08-02T17:14:46 IST" skipped="0">
  <testcase classname="com.tcw.testcases.TaskTest" name="addTaskTest" time="43.741"/>
  <system-out/>
  <testcase classname="com.tcw.testcases.TaskTest" name="addTaskTest" time="40.989"/>
  <system-out/>
</testsuite> <!-- com.tcw.testcases.TaskTest -->
