<?xml version="1.0" encoding="UTF-8"?>
<!-- Generated by org.testng.reporters.JUnitReportReporter -->
<testsuite hostname="DESKTOP-CRE3CMG" failures="0" tests="1" name="com.tcw.testcases.PendingTimesheetRequestsTest" time="29.263" errors="0" timestamp="2022-07-11T14:51:17 IST" skipped="0">
  <testcase classname="com.tcw.testcases.PendingTimesheetRequestsTest" name="timesheetRequestListTest" time="29.263"/>
  <system-out/>
</testsuite> <!-- com.tcw.testcases.PendingTimesheetRequestsTest -->
