<?xml version="1.0" encoding="UTF-8"?>
<!-- Generated by org.testng.reporters.JUnitReportReporter -->
<testsuite hostname="DESKTOP-CRE3CMG" failures="0" tests="1" name="com.tcw.testcases.ReportsTest" time="39.295" errors="0" timestamp="2022-09-30T16:01:37 IST" skipped="0">
  <testcase classname="com.tcw.testcases.ReportsTest" name="viewPtoBank" time="39.295"/>
  <system-out/>
</testsuite> <!-- com.tcw.testcases.ReportsTest -->
