<?xml version="1.0" encoding="UTF-8"?>
<!-- Generated by org.testng.reporters.JUnitReportReporter -->
<testsuite hostname="DESKTOP-CRE3CMG" failures="0" tests="1" name="com.tcw.testcases.EmployeeTest" time="44.683" errors="0" timestamp="2022-09-16T12:00:53 IST" skipped="0">
  <testcase classname="com.tcw.testcases.EmployeeTest" name="globalSettingTest" time="44.683"/>
  <system-out/>
</testsuite> <!-- com.tcw.testcases.EmployeeTest -->
