<?xml version="1.0" encoding="UTF-8"?>
<!-- Generated by org.testng.reporters.JUnitReportReporter -->
<testsuite hostname="DESKTOP-CRE3CMG" failures="0" tests="1" name="com.tcw.testcases.DashboardTest" time="33.016" errors="0" timestamp="2022-07-13T16:31:52 IST" skipped="0">
  <testcase classname="com.tcw.testcases.DashboardTest" name="goToPendingTimesheetReqTest" time="33.016"/>
  <system-out/>
</testsuite> <!-- com.tcw.testcases.DashboardTest -->
