<?xml version="1.0" encoding="UTF-8"?>
<!-- Generated by org.testng.reporters.JUnitReportReporter -->
<testsuite hostname="DESKTOP-CRE3CMG" failures="0" tests="1" name="com.tcw.testcases.LiveStreamTest" time="37.091" errors="0" timestamp="2022-07-19T18:06:25 IST" skipped="0">
  <testcase classname="com.tcw.testcases.LiveStreamTest" name="liveStreamTest" time="37.091"/>
  <system-out/>
</testsuite> <!-- com.tcw.testcases.LiveStreamTest -->
