<?xml version="1.0" encoding="UTF-8"?>
<!-- Generated by org.testng.reporters.JUnitReportReporter -->
<testsuite hostname="DESKTOP-CRE3CMG" failures="0" tests="2" name="com.tcw.testcases.DashboardTest" time="68.677" errors="0" timestamp="2022-07-08T17:21:50 IST" skipped="0">
  <testcase classname="com.tcw.testcases.DashboardTest" name="addTaskTest" time="34.167"/>
  <system-out/>
  <testcase classname="com.tcw.testcases.DashboardTest" name="goToPendingTimesheetReqTest" time="34.510"/>
  <system-out/>
</testsuite> <!-- com.tcw.testcases.DashboardTest -->
