<?xml version="1.0" encoding="UTF-8"?>
<!-- Generated by org.testng.reporters.JUnitReportReporter -->
<testsuite hostname="DESKTOP-CRE3CMG" failures="0" tests="1" name="com.tcw.testcases.PossibleClockInErrorsTest" time="22.719" errors="0" timestamp="2022-08-16T12:31:07 IST" skipped="0">
  <testcase classname="com.tcw.testcases.PossibleClockInErrorsTest" name="possClockInErrListTest" time="22.719"/>
  <system-out/>
</testsuite> <!-- com.tcw.testcases.PossibleClockInErrorsTest -->
