<?xml version="1.0" encoding="UTF-8"?>
<!-- Generated by org.testng.reporters.JUnitReportReporter -->
<testsuite hostname="DESKTOP-CRE3CMG" failures="0" tests="1" name="com.tcw.testcases.ScheduleTest" time="37.260" errors="0" timestamp="2022-08-04T15:30:02 IST" skipped="0">
  <testcase classname="com.tcw.testcases.ScheduleTest" name="landingOnSchedulePage" time="37.260"/>
  <system-out/>
</testsuite> <!-- com.tcw.testcases.ScheduleTest -->
