<?xml version="1.0" encoding="UTF-8"?>
<!-- Generated by org.testng.reporters.JUnitReportReporter -->
<testsuite hostname="DESKTOP-CRE3CMG" failures="0" tests="1" name="com.tcw.testcases.ReportsTest" time="39.528" errors="0" timestamp="2022-09-30T15:41:32 IST" skipped="0">
  <testcase classname="com.tcw.testcases.ReportsTest" name="viewDetailedTimesheet" time="39.528"/>
  <system-out/>
</testsuite> <!-- com.tcw.testcases.ReportsTest -->
