<?xml version="1.0" encoding="UTF-8"?>
<!-- Generated by org.testng.reporters.JUnitReportReporter -->
<testsuite hostname="DESKTOP-CRE3CMG" failures="0" tests="1" name="com.tcw.testcases.ClockedInNowTest" time="31.351" errors="0" timestamp="2022-08-04T16:36:44 IST" skipped="0">
  <testcase classname="com.tcw.testcases.ClockedInNowTest" name="clockedInNowTest" time="31.351"/>
  <system-out/>
</testsuite> <!-- com.tcw.testcases.ClockedInNowTest -->
