<?xml version="1.0" encoding="UTF-8"?>
<!-- Generated by org.testng.reporters.JUnitReportReporter -->
<testsuite hostname="DESKTOP-CRE3CMG" failures="0" tests="1" name="com.tcw.testcases.DashboardTest" time="31.994" errors="0" timestamp="2022-07-14T17:33:12 IST" skipped="0">
  <testcase classname="com.tcw.testcases.DashboardTest" name="goToPendingTimesheetReqTest" time="31.994"/>
  <system-out/>
</testsuite> <!-- com.tcw.testcases.DashboardTest -->
