<?xml version="1.0" encoding="UTF-8"?>
<!-- Generated by org.testng.reporters.JUnitReportReporter -->
<testsuite hostname="DESKTOP-CRE3CMG" failures="0" tests="1" name="com.tcw.testcases.EmployeesClockedInTodayTest" time="40.607" errors="0" timestamp="2022-08-04T16:36:44 IST" skipped="0">
  <testcase classname="com.tcw.testcases.EmployeesClockedInTodayTest" name="timesheetSrchTest" time="40.607"/>
  <system-out/>
</testsuite> <!-- com.tcw.testcases.EmployeesClockedInTodayTest -->
