<?xml version="1.0" encoding="UTF-8"?>
<!-- Generated by org.testng.reporters.JUnitReportReporter -->
<testsuite hostname="DESKTOP-CRE3CMG" failures="0" tests="1" name="com.tcw.testcases.TaskTest" time="29.382" errors="0" timestamp="2022-09-29T13:23:29 IST" skipped="0">
  <testcase classname="com.tcw.testcases.TaskTest" name="addTaskTest" time="29.382"/>
  <system-out/>
</testsuite> <!-- com.tcw.testcases.TaskTest -->
