<?xml version="1.0" encoding="UTF-8"?>
<!-- Generated by org.testng.reporters.JUnitReportReporter -->
<testsuite hostname="DESKTOP-CRE3CMG" failures="0" tests="2" name="com.tcw.testcases.TimesheetTest" time="149.792" errors="0" timestamp="2022-08-22T16:21:52 IST" skipped="0">
  <testcase classname="com.tcw.testcases.TimesheetTest" name="addTimeSheetTest" time="87.518"/>
  <system-out/>
  <testcase classname="com.tcw.testcases.TimesheetTest" name="addAbsenceTest" time="62.274"/>
  <system-out/>
</testsuite> <!-- com.tcw.testcases.TimesheetTest -->
