<?xml version="1.0" encoding="UTF-8"?>
<!-- Generated by org.testng.reporters.JUnitReportReporter -->
<testsuite hostname="DESKTOP-CRE3CMG" failures="0" tests="1" name="com.tcw.testcases.PossibleClockInErrorsTest" time="33.681" errors="0" timestamp="2022-07-19T17:10:41 IST" skipped="0">
  <testcase classname="com.tcw.testcases.PossibleClockInErrorsTest" name="possClockInErrListTest" time="33.681"/>
  <system-out/>
</testsuite> <!-- com.tcw.testcases.PossibleClockInErrorsTest -->
