<?xml version="1.0" encoding="UTF-8"?>
<!-- Generated by org.testng.reporters.JUnitReportReporter -->
<testsuite hostname="DESKTOP-CRE3CMG" failures="0" tests="1" name="com.tcw.testcases.TaskTest" time="41.897" errors="0" timestamp="2022-08-04T14:57:37 IST" skipped="0">
  <testcase classname="com.tcw.testcases.TaskTest" name="addTaskTest" time="41.897"/>
  <system-out/>
</testsuite> <!-- com.tcw.testcases.TaskTest -->
