<?xml version="1.0" encoding="UTF-8"?>
<!-- Generated by org.testng.reporters.JUnitReportReporter -->
<testsuite hostname="DESKTOP-CRE3CMG" failures="0" tests="1" name="com.tcw.testcases.ShiftSwitchRequestsTest" time="35.417" errors="0" timestamp="2022-07-14T18:27:12 IST" skipped="0">
  <testcase classname="com.tcw.testcases.ShiftSwitchRequestsTest" name="switchScheduleReqTest" time="35.417"/>
  <system-out/>
</testsuite> <!-- com.tcw.testcases.ShiftSwitchRequestsTest -->
