<?xml version="1.0" encoding="UTF-8"?>
<!-- Generated by org.testng.reporters.JUnitReportReporter -->
<testsuite hostname="DESKTOP-CRE3CMG" failures="0" tests="2" name="com.tcw.testcases.DashboardTest" time="69.162" errors="0" timestamp="2022-07-12T19:07:12 IST" skipped="0">
  <testcase classname="com.tcw.testcases.DashboardTest" name="addTaskTest" time="38.394"/>
  <system-out/>
  <testcase classname="com.tcw.testcases.DashboardTest" name="goToPendingTimesheetReqTest" time="30.768"/>
  <system-out/>
</testsuite> <!-- com.tcw.testcases.DashboardTest -->
