<?xml version="1.0" encoding="UTF-8"?>
<!-- Generated by org.testng.reporters.JUnitReportReporter -->
<testsuite hostname="DESKTOP-CRE3CMG" failures="0" tests="2" name="com.tcw.testcases.TimesheetTest" time="121.369" errors="0" timestamp="2022-09-29T13:23:29 IST" skipped="0">
  <testcase classname="com.tcw.testcases.TimesheetTest" name="addTimeSheetTest" time="57.510"/>
  <system-out/>
  <testcase classname="com.tcw.testcases.TimesheetTest" name="addAbsenceTest" time="63.859"/>
  <system-out/>
</testsuite> <!-- com.tcw.testcases.TimesheetTest -->
