<?xml version="1.0" encoding="UTF-8"?>
<!-- Generated by org.testng.reporters.JUnitReportReporter -->
<testsuite hostname="DESKTOP-CRE3CMG" failures="0" tests="2" name="com.tcw.testcases.TaskTest" time="101.083" errors="0" timestamp="2022-08-02T16:54:28 IST" skipped="0">
  <testcase classname="com.tcw.testcases.TaskTest" name="addTaskTest" time="60.439"/>
  <system-out/>
  <testcase classname="com.tcw.testcases.TaskTest" name="addTaskTest" time="40.644"/>
  <system-out/>
</testsuite> <!-- com.tcw.testcases.TaskTest -->
