<?xml version="1.0" encoding="UTF-8"?>
<!-- Generated by org.testng.reporters.JUnitReportReporter -->
<testsuite hostname="DESKTOP-CRE3CMG" failures="0" tests="1" name="com.tcw.testcases.ClockedInNowTest" time="25.887" errors="0" timestamp="2022-08-16T12:31:07 IST" skipped="0">
  <testcase classname="com.tcw.testcases.ClockedInNowTest" name="clockedInNowTest" time="25.887"/>
  <system-out/>
</testsuite> <!-- com.tcw.testcases.ClockedInNowTest -->
