<?xml version="1.0" encoding="UTF-8"?>
<!-- Generated by org.testng.reporters.JUnitReportReporter -->
<testsuite hostname="DESKTOP-CRE3CMG" failures="0" tests="2" name="LogInTest" time="52.349" errors="0" timestamp="2022-06-29T18:41:26 IST" skipped="0">
  <testcase classname="LogInTest" name="logIn" time="25.158"/>
  <system-out/>
  <testcase classname="LogInTest" name="addTaskTest" time="27.191"/>
  <system-out/>
</testsuite> <!-- LogInTest -->
