<?xml version="1.0" encoding="UTF-8"?>
<!-- Generated by org.testng.reporters.JUnitReportReporter -->
<testsuite hostname="DESKTOP-CRE3CMG" failures="0" tests="1" name="com.tcw.testcases.EmployeeTest" time="38.413" errors="0" timestamp="2022-09-16T12:39:51 IST" skipped="0">
  <testcase classname="com.tcw.testcases.EmployeeTest" name="reimbursementTest" time="38.413"/>
  <system-out/>
</testsuite> <!-- com.tcw.testcases.EmployeeTest -->
