<?xml version="1.0" encoding="UTF-8"?>
<!-- Generated by org.testng.reporters.JUnitReportReporter -->
<testsuite hostname="DESKTOP-CRE3CMG" failures="0" tests="2" name="com.tcw.testcases.ScheduleTest" time="69.727" errors="0" timestamp="2022-09-29T13:23:29 IST" skipped="0">
  <testcase classname="com.tcw.testcases.ScheduleTest" name="addScheduleForEmpTest" time="34.650"/>
  <system-out/>
  <testcase classname="com.tcw.testcases.ScheduleTest" name="deleteScheduleForEmpTest" time="35.077"/>
  <system-out/>
</testsuite> <!-- com.tcw.testcases.ScheduleTest -->
