<?xml version="1.0" encoding="UTF-8"?>
<!-- Generated by org.testng.reporters.JUnitReportReporter -->
<testsuite hostname="DESKTOP-CRE3CMG" failures="0" tests="1" name="com.tcw.testcases.ReimbursementRequestsTest" time="43.636" errors="0" timestamp="2022-07-15T18:46:25 IST" skipped="0">
  <testcase classname="com.tcw.testcases.ReimbursementRequestsTest" name="reimReqSrcTest" time="43.636"/>
  <system-out/>
</testsuite> <!-- com.tcw.testcases.ReimbursementRequestsTest -->
