<?xml version="1.0" encoding="UTF-8"?>
<!-- Generated by org.testng.reporters.JUnitReportReporter -->
<testsuite hostname="DESKTOP-CRE3CMG" failures="0" tests="2" name="com.tcw.testcases.DashboardTest" time="42.873" errors="0" timestamp="2022-07-08T16:18:01 IST" skipped="0">
  <testcase classname="com.tcw.testcases.DashboardTest" name="addTaskTest" time="20.380"/>
  <system-out/>
  <testcase classname="com.tcw.testcases.DashboardTest" name="goToPendingTimesheetReqTest" time="22.493"/>
  <system-out/>
</testsuite> <!-- com.tcw.testcases.DashboardTest -->
