<?xml version="1.0" encoding="UTF-8"?>
<!-- Generated by org.testng.reporters.JUnitReportReporter -->
<testsuite hostname="DESKTOP-CRE3CMG" failures="0" tests="1" name="com.tcw.testcases.LogInTest" time="15.367" errors="0" timestamp="2022-07-01T14:37:59 IST" skipped="0">
  <testcase classname="com.tcw.testcases.LogInTest" name="logIn1" time="15.367"/>
  <system-out/>
</testsuite> <!-- com.tcw.testcases.LogInTest -->
