<?xml version="1.0" encoding="UTF-8"?>
<!-- Generated by org.testng.reporters.JUnitReportReporter -->
<testsuite hostname="DESKTOP-CRE3CMG" failures="0" tests="1" name="com.tcw.testcases.LogInTest" time="14.876" errors="0" timestamp="2022-06-30T17:48:20 IST" skipped="0">
  <testcase classname="com.tcw.testcases.LogInTest" name="logIn" time="14.876"/>
  <system-out/>
</testsuite> <!-- com.tcw.testcases.LogInTest -->
