<?xml version="1.0" encoding="UTF-8"?>
<!-- Generated by org.testng.reporters.JUnitReportReporter -->
<testsuite hostname="DESKTOP-CRE3CMG" failures="0" tests="1" name="com.tcw.testcases.PossibleClockInErrorsTest" time="32.042" errors="0" timestamp="2022-07-12T19:07:12 IST" skipped="0">
  <testcase classname="com.tcw.testcases.PossibleClockInErrorsTest" name="possClockInErrListTest" time="32.042"/>
  <system-out/>
</testsuite> <!-- com.tcw.testcases.PossibleClockInErrorsTest -->
