<?xml version="1.0" encoding="UTF-8"?>
<!-- Generated by org.testng.reporters.JUnitReportReporter -->
<testsuite hostname="DESKTOP-CRE3CMG" failures="0" tests="1" name="com.tcw.testcases.ScheduleTest" time="45.187" errors="0" timestamp="2022-08-23T10:57:53 IST" skipped="0">
  <testcase classname="com.tcw.testcases.ScheduleTest" name="addScheduleForEmpTest" time="45.187"/>
  <system-out/>
</testsuite> <!-- com.tcw.testcases.ScheduleTest -->
