<?xml version="1.0" encoding="UTF-8"?>
<!-- Generated by org.testng.reporters.JUnitReportReporter -->
<testsuite hostname="DESKTOP-CRE3CMG" failures="0" tests="2" name="com.tcw.testcases.DashboardTest" time="45.022" errors="0" timestamp="2022-07-01T17:27:20 IST" skipped="0">
  <testcase classname="com.tcw.testcases.DashboardTest" name="addTaskTest" time="18.386"/>
  <system-out/>
  <testcase classname="com.tcw.testcases.DashboardTest" name="goToPendingTimesheetReqTest" time="26.636"/>
  <system-out/>
</testsuite> <!-- com.tcw.testcases.DashboardTest -->
