<?xml version="1.0" encoding="UTF-8"?>
<!-- Generated by org.testng.reporters.JUnitReportReporter -->
<testsuite hostname="DESKTOP-CRE3CMG" failures="0" tests="2" name="com.tcw.testcases.PayrollTest" time="56.394" errors="0" timestamp="2022-09-29T13:23:29 IST" skipped="0">
  <testcase classname="com.tcw.testcases.PayrollTest" name="landingOnPayrollPage" time="28.726"/>
  <system-out/>
  <testcase classname="com.tcw.testcases.PayrollTest" name="GeneratingThePayroll" time="27.668"/>
  <system-out/>
</testsuite> <!-- com.tcw.testcases.PayrollTest -->
