<?xml version="1.0" encoding="UTF-8"?>
<!-- Generated by org.testng.reporters.JUnitReportReporter -->
<testsuite hostname="DESKTOP-CRE3CMG" failures="0" tests="1" name="LogInTest" time="30.276" errors="0" timestamp="2022-06-29T18:13:18 IST" skipped="0">
  <testcase classname="LogInTest" name="logIn" time="30.276"/>
  <system-out/>
</testsuite> <!-- LogInTest -->
