<?xml version="1.0" encoding="UTF-8"?>
<!-- Generated by org.testng.reporters.JUnitReportReporter -->
<testsuite hostname="DESKTOP-CRE3CMG" failures="0" tests="1" name="com.tcw.testcases.TimesheetTest" time="875.172" errors="0" timestamp="2022-08-18T12:54:45 IST" skipped="0">
  <testcase classname="com.tcw.testcases.TimesheetTest" name="addAbsenceTest" time="875.172"/>
  <system-out/>
</testsuite> <!-- com.tcw.testcases.TimesheetTest -->
