<?xml version="1.0" encoding="UTF-8"?>
<!-- Generated by org.testng.reporters.JUnitReportReporter -->
<testsuite hostname="DESKTOP-CRE3CMG" failures="0" tests="1" name="com.tcw.testcases.TimesheetsToVerifyTest" time="35.855" errors="0" timestamp="2022-07-19T17:10:41 IST" skipped="0">
  <testcase classname="com.tcw.testcases.TimesheetsToVerifyTest" name="verifiedClockInTest" time="35.855"/>
  <system-out/>
</testsuite> <!-- com.tcw.testcases.TimesheetsToVerifyTest -->
