<?xml version="1.0" encoding="UTF-8"?>
<!-- Generated by org.testng.reporters.JUnitReportReporter -->
<testsuite hostname="DESKTOP-CRE3CMG" failures="0" tests="1" name="com.tcw.testcases.DashboardTest" time="23.141" errors="0" timestamp="2022-09-27T17:36:27 IST" skipped="0">
  <testcase classname="com.tcw.testcases.DashboardTest" name="clockInClockOut" time="23.141"/>
  <system-out/>
</testsuite> <!-- com.tcw.testcases.DashboardTest -->
