<?xml version="1.0" encoding="UTF-8"?>
<!-- Generated by org.testng.reporters.JUnitReportReporter -->
<testsuite hostname="DESKTOP-CRE3CMG" failures="0" tests="1" name="com.tcw.testcases.addTaskFromDashboardTest" time="37.851" errors="0" timestamp="2022-07-01T15:18:23 IST" skipped="0">
  <testcase classname="com.tcw.testcases.addTaskFromDashboardTest" name="addTaskTest" time="37.851"/>
  <system-out/>
</testsuite> <!-- com.tcw.testcases.addTaskFromDashboardTest -->
