<?xml version="1.0" encoding="UTF-8"?>
<!-- Generated by org.testng.reporters.JUnitReportReporter -->
<testsuite hostname="DESKTOP-CRE3CMG" failures="0" tests="1" name="com.tcw.testcases.EmployeeTest" time="30.093" errors="0" timestamp="2022-08-16T12:31:07 IST" skipped="0">
  <testcase classname="com.tcw.testcases.EmployeeTest" name="landingOnEmployeePage" time="30.093"/>
  <system-out/>
</testsuite> <!-- com.tcw.testcases.EmployeeTest -->
