<?xml version="1.0" encoding="UTF-8"?>
<!-- Generated by org.testng.reporters.JUnitReportReporter -->
<testsuite hostname="DESKTOP-CRE3CMG" failures="0" tests="1" name="com.tcw.testcases.EmployeeTest" time="44.541" errors="0" timestamp="2022-09-26T16:09:37 IST" skipped="0">
  <testcase classname="com.tcw.testcases.EmployeeTest" name="reimbursementTest" time="44.541"/>
  <system-out/>
</testsuite> <!-- com.tcw.testcases.EmployeeTest -->
