<?xml version="1.0" encoding="UTF-8"?>
<!-- Generated by org.testng.reporters.JUnitReportReporter -->
<testsuite hostname="DESKTOP-CRE3CMG" failures="0" tests="1" name="com.tcw.testcases.PayrollTest" time="26.484" errors="0" timestamp="2022-09-29T12:56:16 IST" skipped="0">
  <testcase classname="com.tcw.testcases.PayrollTest" name="GeneratingThePayroll" time="26.484"/>
  <system-out/>
</testsuite> <!-- com.tcw.testcases.PayrollTest -->
