<?xml version="1.0" encoding="UTF-8"?>
<!-- Generated by org.testng.reporters.JUnitReportReporter -->
<testsuite hostname="DESKTOP-CRE3CMG" failures="0" tests="1" name="com.tcw.testcases.SupportTest" time="22.767" errors="0" timestamp="2022-09-29T13:23:29 IST" skipped="0">
  <testcase classname="com.tcw.testcases.SupportTest" name="landingOnSupportPage" time="22.767"/>
  <system-out/>
</testsuite> <!-- com.tcw.testcases.SupportTest -->
