<?xml version="1.0" encoding="UTF-8"?>
<!-- Generated by org.testng.reporters.JUnitReportReporter -->
<testsuite hostname="DESKTOP-CRE3CMG" failures="0" tests="1" name="com.tcw.testcases.TaskTest" time="33.174" errors="0" timestamp="2022-08-16T13:23:02 IST" skipped="0">
  <testcase classname="com.tcw.testcases.TaskTest" name="addTaskTest" time="33.174"/>
  <system-out/>
</testsuite> <!-- com.tcw.testcases.TaskTest -->
