<?xml version="1.0" encoding="UTF-8"?>
<!-- Generated by org.testng.reporters.JUnitReportReporter -->
<testsuite hostname="DESKTOP-CRE3CMG" failures="0" tests="1" name="com.tcw.testcases.addTaskFromDashboardTest" time="24.296" errors="0" timestamp="2022-06-30T18:21:27 IST" skipped="0">
  <testcase classname="com.tcw.testcases.addTaskFromDashboardTest" name="addTaskTest" time="24.296"/>
  <system-out/>
</testsuite> <!-- com.tcw.testcases.addTaskFromDashboardTest -->
