<?xml version="1.0" encoding="UTF-8"?>
<!-- Generated by org.testng.reporters.JUnitReportReporter -->
<testsuite hostname="DESKTOP-CRE3CMG" failures="0" tests="1" name="com.tcw.testcases.SettingsTest" time="36.984" errors="0" timestamp="2022-08-04T16:18:58 IST" skipped="0">
  <testcase classname="com.tcw.testcases.SettingsTest" name="landingOnSettingsPage" time="36.984"/>
  <system-out/>
</testsuite> <!-- com.tcw.testcases.SettingsTest -->
