<?xml version="1.0" encoding="UTF-8"?>
<!-- Generated by org.testng.reporters.JUnitReportReporter -->
<testsuite hostname="DESKTOP-CRE3CMG" failures="0" tests="2" name="com.tcw.testcases.DashboardTest" time="65.100" errors="0" timestamp="08 Jul 2022 13:04:58 GMT" skipped="0">
  <testcase classname="com.tcw.testcases.DashboardTest" name="addTaskTest" time="34.548"/>
  <testcase classname="com.tcw.testcases.DashboardTest" name="goToPendingTimesheetReqTest" time="30.552"/>
</testsuite> <!-- com.tcw.testcases.DashboardTest -->
